<?xml version="1.0" encoding="UTF-8"?>
<!-- Generated by org.testng.reporters.JUnitReportReporter -->
<testsuite hostname="AA-PC" name="framework_testng.Groups.TestSuite2" tests="2" failures="0" timestamp="12 Jul 2019 03:58:47 GMT" time="0.000" errors="0">
  <testcase name="tc005" time="0.000" classname="framework_testng.Groups.TestSuite2"/>
  <testcase name="tc004" time="0.000" classname="framework_testng.Groups.TestSuite2"/>
</testsuite> <!-- framework_testng.Groups.TestSuite2 -->
