<?xml version="1.0" encoding="UTF-8"?>
<!-- Generated by org.testng.reporters.JUnitReportReporter -->
<testsuite hostname="AA-PC" name="framework_testng.DP.Get_DataProviderMethod_From_DiffClass" tests="4" failures="0" timestamp="13 Jul 2019 05:19:39 GMT" time="0.015" errors="0">
  <testcase name="verify_Test_With_userData" time="0.000" classname="framework_testng.DP.Get_DataProviderMethod_From_DiffClass"/>
  <testcase name="verify_Test_With_userData" time="0.015" classname="framework_testng.DP.Get_DataProviderMethod_From_DiffClass"/>
  <testcase name="verify_Test_With_userData" time="0.000" classname="framework_testng.DP.Get_DataProviderMethod_From_DiffClass"/>
  <testcase name="verify_Test_With_userData" time="0.000" classname="framework_testng.DP.Get_DataProviderMethod_From_DiffClass"/>
</testsuite> <!-- framework_testng.DP.Get_DataProviderMethod_From_DiffClass -->
