<?xml version="1.0" encoding="UTF-8"?>
<!-- Generated by org.testng.reporters.JUnitReportReporter -->
<testsuite hostname="AA-PC" name="framework_testng.DP.InputDP" tests="3" failures="0" timestamp="13 Jul 2019 05:15:15 GMT" time="0.015" errors="0">
  <testcase name="tc002" time="0.015" classname="framework_testng.DP.InputDP"/>
  <testcase name="tc002" time="0.000" classname="framework_testng.DP.InputDP"/>
  <testcase name="tc002" time="0.000" classname="framework_testng.DP.InputDP"/>
</testsuite> <!-- framework_testng.DP.InputDP -->
