<?xml version="1.0" encoding="UTF-8"?>
<!-- Generated by org.testng.reporters.JUnitReportReporter -->
<testsuite hostname="AA-PC" name="framework_testng.BeforeMethod_And_AfterMethod" tests="3" failures="0" timestamp="12 Jul 2019 03:22:18 GMT" time="0.047" errors="0">
  <testcase name="tcoo3" time="0.016" classname="framework_testng.BeforeMethod_And_AfterMethod"/>
  <testcase name="tcoo2" time="0.015" classname="framework_testng.BeforeMethod_And_AfterMethod"/>
  <testcase name="tcoo1" time="0.016" classname="framework_testng.BeforeMethod_And_AfterMethod"/>
</testsuite> <!-- framework_testng.BeforeMethod_And_AfterMethod -->
