<?xml version="1.0" encoding="UTF-8"?>
<!-- Generated by org.testng.reporters.JUnitReportReporter -->
<testsuite hostname="AA-PC" name="framework_testng.DP.DataProvider_With_Excel_Intergration" tests="8" failures="0" timestamp="13 Jul 2019 05:32:47 GMT" time="0.032" errors="0">
  <testcase name="Verify_login" time="0.000" classname="framework_testng.DP.DataProvider_With_Excel_Intergration"/>
  <testcase name="Verify_login" time="0.000" classname="framework_testng.DP.DataProvider_With_Excel_Intergration"/>
  <testcase name="Verify_login" time="0.016" classname="framework_testng.DP.DataProvider_With_Excel_Intergration"/>
  <testcase name="Verify_login" time="0.000" classname="framework_testng.DP.DataProvider_With_Excel_Intergration"/>
  <testcase name="Verify_login" time="0.016" classname="framework_testng.DP.DataProvider_With_Excel_Intergration"/>
  <testcase name="Verify_login" time="0.000" classname="framework_testng.DP.DataProvider_With_Excel_Intergration"/>
  <testcase name="Verify_login" time="0.000" classname="framework_testng.DP.DataProvider_With_Excel_Intergration"/>
  <testcase name="Verify_login" time="0.000" classname="framework_testng.DP.DataProvider_With_Excel_Intergration"/>
</testsuite> <!-- framework_testng.DP.DataProvider_With_Excel_Intergration -->
