<?xml version="1.0" encoding="UTF-8"?>
<!-- Generated by org.testng.reporters.JUnitReportReporter -->
<testsuite hostname="AA-PC" name="framework_testng.Testng_WebDriver_Testcase" tests="4" failures="0" timestamp="12 Jul 2019 03:27:51 GMT" time="35.533" errors="0">
  <testcase name="verify_Games_link" time="13.535" classname="framework_testng.Testng_WebDriver_Testcase"/>
  <testcase name="verify_signup_link" time="7.602" classname="framework_testng.Testng_WebDriver_Testcase"/>
  <testcase name="verify_Messenger_link" time="8.689" classname="framework_testng.Testng_WebDriver_Testcase"/>
  <testcase name="verify_Signin_link" time="5.707" classname="framework_testng.Testng_WebDriver_Testcase"/>
</testsuite> <!-- framework_testng.Testng_WebDriver_Testcase -->
