<?xml version="1.0" encoding="UTF-8"?>
<!-- Generated by org.testng.reporters.JUnitReportReporter -->
<testsuite hostname="AA-PC" name="framework_testng.Method_Description" tests="3" failures="0" timestamp="11 Jul 2019 03:56:48 GMT" time="0.016" errors="0">
  <testcase name="tc002" time="0.000" classname="framework_testng.Method_Description"/>
  <testcase name="Verify_login_WithOut_Data" time="0.016" classname="framework_testng.Method_Description"/>
  <testcase name="tc001" time="0.000" classname="framework_testng.Method_Description"/>
</testsuite> <!-- framework_testng.Method_Description -->
