<?xml version="1.0" encoding="UTF-8"?>
<!-- Generated by org.testng.reporters.JUnitReportReporter -->
<testsuite hostname="AA-PC" name="framework_testng.MyTestng_Test" tests="3" failures="0" timestamp="11 Jul 2019 03:35:25 GMT" time="0.015" errors="0">
  <testcase name="tc003" time="0.000" classname="framework_testng.MyTestng_Test"/>
  <testcase name="tc001" time="0.015" classname="framework_testng.MyTestng_Test"/>
  <testcase name="tc002" time="0.000" classname="framework_testng.MyTestng_Test"/>
</testsuite> <!-- framework_testng.MyTestng_Test -->
