<?xml version="1.0" encoding="UTF-8"?>
<!-- Generated by org.testng.reporters.JUnitReportReporter -->
<testsuite hostname="AA-PC" name="framework_testng.TestSuite.Class1" tests="1" failures="0" timestamp="12 Jul 2019 03:43:57 GMT" time="0.047" errors="0">
  <testcase name="tc002" time="0.047" classname="framework_testng.TestSuite.Class1"/>
</testsuite> <!-- framework_testng.TestSuite.Class1 -->
