<?xml version="1.0" encoding="UTF-8"?>
<!-- Generated by org.testng.reporters.JUnitReportReporter -->
<testsuite hostname="AA-PC" name="framework_testng.Method_Priority" tests="3" failures="0" timestamp="11 Jul 2019 03:45:31 GMT" time="0.015" errors="0">
  <testcase name="x" time="0.000" classname="framework_testng.Method_Priority"/>
  <testcase name="f" time="0.015" classname="framework_testng.Method_Priority"/>
  <testcase name="a" time="0.000" classname="framework_testng.Method_Priority"/>
</testsuite> <!-- framework_testng.Method_Priority -->
