<?xml version="1.0" encoding="UTF-8"?>
<!-- Generated by org.testng.reporters.JUnitReportReporter -->
<testsuite hostname="AA-PC" name="framework_testng.Suite_Parameter.Get_Parameters_From_Suite" tests="4" failures="0" timestamp="13 Jul 2019 04:31:53 GMT" time="6.911" errors="0">
  <testcase name="User_login" time="0.325" classname="framework_testng.Suite_Parameter.Get_Parameters_From_Suite"/>
  <testcase name="User_registration" time="0.194" classname="framework_testng.Suite_Parameter.Get_Parameters_From_Suite"/>
  <testcase name="launch_browser" time="3.495" classname="framework_testng.Suite_Parameter.Get_Parameters_From_Suite"/>
  <testcase name="loadWebpage" time="2.897" classname="framework_testng.Suite_Parameter.Get_Parameters_From_Suite"/>
</testsuite> <!-- framework_testng.Suite_Parameter.Get_Parameters_From_Suite -->
