<?xml version="1.0" encoding="UTF-8"?>
<!-- Generated by org.testng.reporters.JUnitReportReporter -->
<testsuite hostname="AA-PC" name="framework_testng.Testng_Method_Ignore" tests="1" failures="0" timestamp="11 Jul 2019 03:51:25 GMT" time="0.000" errors="0">
  <testcase name="tc001" time="0.000" classname="framework_testng.Testng_Method_Ignore"/>
</testsuite> <!-- framework_testng.Testng_Method_Ignore -->
