<?xml version="1.0" encoding="UTF-8"?>
<!-- Generated by org.testng.reporters.JUnitReportReporter -->
<testsuite hostname="AA-PC" name="framework_testng.TestSuite.Class3" tests="3" failures="0" timestamp="12 Jul 2019 03:41:11 GMT" time="0.000" errors="0">
  <testcase name="tc007" time="0.000" classname="framework_testng.TestSuite.Class3"/>
  <testcase name="tc008" time="0.000" classname="framework_testng.TestSuite.Class3"/>
  <testcase name="tc009" time="0.000" classname="framework_testng.TestSuite.Class3"/>
</testsuite> <!-- framework_testng.TestSuite.Class3 -->
