<?xml version="1.0" encoding="UTF-8"?>
<!-- Generated by org.testng.reporters.JUnitReportReporter -->
<testsuite hostname="AA-PC" name="framework_testng.CrossBrowser.CrossBrowser_Test" tests="8" failures="0" timestamp="13 Jul 2019 04:43:36 GMT" time="55.835" errors="0">
  <testcase name="launchBrowser" time="8.169" classname="framework_testng.CrossBrowser.CrossBrowser_Test"/>
  <testcase name="loadApp" time="5.050" classname="framework_testng.CrossBrowser.CrossBrowser_Test"/>
  <testcase name="closeBrowser" time="5.397" classname="framework_testng.CrossBrowser.CrossBrowser_Test"/>
  <testcase name="launchBrowser" time="3.508" classname="framework_testng.CrossBrowser.CrossBrowser_Test"/>
  <testcase name="closeBrowser" time="4.244" classname="framework_testng.CrossBrowser.CrossBrowser_Test"/>
  <testcase name="loadApp" time="4.398" classname="framework_testng.CrossBrowser.CrossBrowser_Test"/>
  <testcase name="flight_search" time="13.302" classname="framework_testng.CrossBrowser.CrossBrowser_Test"/>
  <testcase name="flight_search" time="11.767" classname="framework_testng.CrossBrowser.CrossBrowser_Test"/>
</testsuite> <!-- framework_testng.CrossBrowser.CrossBrowser_Test -->
